texture/textsynth/build/outputs/logs/manifest-merger-debug-report.txt
-- Merging decision tree log ---
manifest
ADDED from src/main/AndroidManifest.xml:22:1-42:12
	package
		ADDED from src/main/AndroidManifest.xml:23:11-53
		INJECTED from src/main/AndroidManifest.xml
		INJECTED from src/main/AndroidManifest.xml
	android:versionName
		ADDED from src/main/AndroidManifest.xml:25:11-36
		INJECTED from src/main/AndroidManifest.xml
		INJECTED from src/main/AndroidManifest.xml
	android:versionCode
		ADDED from src/main/AndroidManifest.xml:24:11-34
		INJECTED from src/main/AndroidManifest.xml
		INJECTED from src/main/AndroidManifest.xml
	xmlns:android
		ADDED from src/main/AndroidManifest.xml:22:11-69
uses-permission#android.permission.WRITE_EXTERNAL_STORAGE
ADDED from src/main/AndroidManifest.xml:28:5-80
	android:name
		ADDED from src/main/AndroidManifest.xml:28:22-78
uses-sdk
ADDED from src/main/AndroidManifest.xml:29:5-74
MERGED from [texture:library:unspecified] AndroidManifest.xml:33:5-35:41
	android:targetSdkVersion
		ADDED from src/main/AndroidManifest.xml:29:43-72
		INJECTED from src/main/AndroidManifest.xml
		INJECTED from src/main/AndroidManifest.xml
	android:minSdkVersion
		ADDED from src/main/AndroidManifest.xml:29:16-42
		INJECTED from src/main/AndroidManifest.xml
		INJECTED from src/main/AndroidManifest.xml
application
ADDED from src/main/AndroidManifest.xml:30:5-41:19
MERGED from [texture:library:unspecified] AndroidManifest.xml:37:5-43:19
	android:label
		ADDED from src/main/AndroidManifest.xml:30:18-50
	android:allowBackup
		ADDED from src/main/AndroidManifest.xml:30:51-77
	android:icon
		ADDED from src/main/AndroidManifest.xml:31:13-42
activity#net.martaskolda.meep.tbv.texture.TBVDemoActivity
ADDED from src/main/AndroidManifest.xml:32:9-40:20
	android:screenOrientation
		ADDED from src/main/AndroidManifest.xml:35:17-53
	android:label
		ADDED from src/main/AndroidManifest.xml:34:17-49
	android:name
		ADDED from src/main/AndroidManifest.xml:33:17-80
intent-filter#android.intent.action.MAIN+android.intent.category.LAUNCHER
ADDED from src/main/AndroidManifest.xml:36:13-39:29
action#android.intent.action.MAIN
ADDED from src/main/AndroidManifest.xml:37:17-68
	android:name
		ADDED from src/main/AndroidManifest.xml:37:25-66
category#android.intent.category.LAUNCHER
ADDED from src/main/AndroidManifest.xml:38:17-76
	android:name
		ADDED from src/main/AndroidManifest.xml:38:27-74